2025-07-15 11:16:14,552 [ERROR] TypeError: unsupported operand type(s) for +: 'int' and 'str'
Traceback (most recent call last):
  File "c:\Users\h-ryu\Desktop\Learn\python_Learn\Log\a.py", line 35, in <module>
    b.do_job()
  File "c:\Users\h-ryu\Desktop\Learn\python_Learn\Log\b.py", line 6, in do_job
    print(1+"a")
TypeError: unsupported operand type(s) for +: 'int' and 'str'

2025-07-15 11:16:14,694 [ERROR] TypeError: unsupported operand type(s) for +: 'int' and 'str'
Traceback (most recent call last):
  File "c:\Users\h-ryu\Desktop\Learn\python_Learn\Log\a.py", line 35, in <module>
    b.do_job()
  File "c:\Users\h-ryu\Desktop\Learn\python_Learn\Log\b.py", line 6, in do_job
    print(1+"a")
TypeError: unsupported operand type(s) for +: 'int' and 'str'

2025-07-15 11:16:23,134 [ERROR] ZeroDivisionError: division by zero
Traceback (most recent call last):
  File "c:\Users\h-ryu\Desktop\Learn\python_Learn\Log\a.py", line 35, in <module>
    b.do_job()
  File "c:\Users\h-ryu\Desktop\Learn\python_Learn\Log\b.py", line 6, in do_job
    print(1/0)
ZeroDivisionError: division by zero

2025-07-15 11:16:54,652 [ERROR] ZeroDivisionError: division by zero
NoneType: None

2025-07-15 11:16:55,135 [ERROR] ZeroDivisionError: division by zero
NoneType: None

2025-07-15 11:18:42,821 [ERROR] ZeroDivisionError: division by zero

2025-07-15 11:18:53,479 [ERROR] ZeroDivisionError: division by zero
NoneType: None

2025-07-15 11:18:57,396 [ERROR] ZeroDivisionError: division by zero

